<?xml version="1.0" encoding="UTF-8"?>
<!-- Generated by org.testng.reporters.JUnitReportReporter -->
<testsuite hostname="Anand-PC" failures="0" tests="2" name="com.alphabet.gmail.testNG.TC011" time="0.014" errors="0" timestamp="2020-10-04T19:02:02 IST" skipped="0">
  <testcase classname="com.alphabet.gmail.testNG.TC011" name="t1" time="0.004"/>
  <system-out>
@Test  </system-out>
  <testcase classname="com.alphabet.gmail.testNG.TC011" name="m5" time="0.010"/>
  <system-out>
@Test  </system-out>
</testsuite> <!-- com.alphabet.gmail.testNG.TC011 -->
