<?xml version="1.0" encoding="UTF-8"?>
<!-- Generated by org.testng.reporters.JUnitReportReporter -->
<testsuite hostname="Anand-PC" failures="0" tests="1" name="com.alphabet.gmail.testNG.TC001" time="0.012" errors="0" timestamp="2020-09-25T11:17:33 IST" skipped="0">
  <testcase classname="com.alphabet.gmail.testNG.TC001" name="testValidLogin" time="0.012"/>
  <system-out>
Running testValidLogin Method  </system-out>
</testsuite> <!-- com.alphabet.gmail.testNG.TC001 -->
