<?xml version="1.0" encoding="UTF-8"?>
<!-- Generated by org.testng.reporters.JUnitReportReporter -->
<testsuite hostname="Anand-PC" failures="0" tests="3" name="com.alphabet.gmail.testNG.TC002" time="43.154" errors="0" timestamp="2020-09-25T11:16:05 IST" skipped="0">
  <testcase classname="com.alphabet.gmail.testNG.TC002" name="testValidLogin" time="13.715"/>
  <system-out/>
  <testcase classname="com.alphabet.gmail.testNG.TC002" name="testValidLogin" time="13.790"/>
  <system-out/>
  <testcase classname="com.alphabet.gmail.testNG.TC002" name="testValidLogin" time="15.649"/>
  <system-out/>
</testsuite> <!-- com.alphabet.gmail.testNG.TC002 -->
