<?xml version="1.0" encoding="UTF-8"?>
<!-- Generated by org.testng.reporters.JUnitReportReporter -->
<testsuite hostname="Anand-PC" failures="0" tests="5" name="com.alphabet.gmail.testNG.TC004" time="127.726" errors="0" timestamp="2020-10-01T16:10:20 IST" skipped="0">
  <testcase classname="com.alphabet.gmail.testNG.TC004" name="testMultipleLogins" time="25.283"/>
  <system-out/>
  <testcase classname="com.alphabet.gmail.testNG.TC004" name="testMultipleLogins" time="25.527"/>
  <system-out/>
  <testcase classname="com.alphabet.gmail.testNG.TC004" name="testMultipleLogins" time="25.613"/>
  <system-out/>
  <testcase classname="com.alphabet.gmail.testNG.TC004" name="testMultipleLogins" time="25.603"/>
  <system-out/>
  <testcase classname="com.alphabet.gmail.testNG.TC004" name="testMultipleLogins" time="25.700"/>
  <system-out/>
</testsuite> <!-- com.alphabet.gmail.testNG.TC004 -->
