<?xml version="1.0" encoding="UTF-8"?>
<!-- Generated by org.testng.reporters.JUnitReportReporter -->
<testsuite hostname="Anand-PC" failures="0" tests="5" name="com.alphabet.gmail.testNG.TC003" time="67.317" errors="0" timestamp="2020-09-25T11:24:21 IST" skipped="0">
  <testcase classname="com.alphabet.gmail.testNG.TC003" name="testMultipleLogins" time="13.817"/>
  <system-out/>
  <testcase classname="com.alphabet.gmail.testNG.TC003" name="testMultipleLogins" time="12.892"/>
  <system-out/>
  <testcase classname="com.alphabet.gmail.testNG.TC003" name="testMultipleLogins" time="13.141"/>
  <system-out/>
  <testcase classname="com.alphabet.gmail.testNG.TC003" name="testMultipleLogins" time="13.878"/>
  <system-out/>
  <testcase classname="com.alphabet.gmail.testNG.TC003" name="testMultipleLogins" time="13.589"/>
  <system-out/>
</testsuite> <!-- com.alphabet.gmail.testNG.TC003 -->
